<?xml version="1.0" encoding="UTF-8"?>
<testsuite name="Cucumber" time="10.654" tests="27" skipped="0" failures="8" errors="0">
<testcase classname="Post Request for ProgramBatch Module" name="Check if admin able to create a Batch with valid endpoint and request body (non existing values) - Example #1.1" time="1.834">
<system-out><![CDATA[
Given Admin creates POST Request  with valid data in request body "Batch" and 1.passed
When Admin sends HTTPS Request with endpoint................................passed
Then Admin receives 201 and  "Created" Status with response body............passed
]]></system-out>
</testcase>
<testcase classname="Post Request Program Batch module" name="Create Batches with external excel data" time="0.052">
<failure type="java.lang.NullPointerException" message="Cannot invoke &quot;org.apache.poi.xssf.usermodel.XSSFRow.getCell(int)&quot; because the return value of &quot;org.apache.poi.xssf.usermodel.XSSFSheet.getRow(int)&quot; is null">
<![CDATA[java.lang.NullPointerException: Cannot invoke "org.apache.poi.xssf.usermodel.XSSFRow.getCell(int)" because the return value of "org.apache.poi.xssf.usermodel.XSSFSheet.getRow(int)" is null
	at Utilities.Batchdatareader.batch(Batchdatareader.java:35)
	at stepDefinations.Batch.sends_http_post_batch_request_with_endpoints_and_read_data_from_external_file(Batch.java:54)
	at ✽.Sends HTTP Post batch request with endpoints and Read data from external file(file:///Users/sathishkumar/git/RestAssured/src/test/resources/Features/D_programbatch.feature:8)
]]>
</failure>
<system-out><![CDATA[
Given Authorized with bearer Token..........................................passed
When Sends HTTP Post batch request with endpoints and Read data from external file.failed
Then Gets 201 status code with response body................................skipped
]]></system-out>
</testcase>
<testcase classname="Post Request Program Batch module" name="Create Batches with invalid token" time="0.025">
<failure type="java.lang.NullPointerException" message="Cannot invoke &quot;org.apache.poi.xssf.usermodel.XSSFRow.getCell(int)&quot; because the return value of &quot;org.apache.poi.xssf.usermodel.XSSFSheet.getRow(int)&quot; is null">
<![CDATA[java.lang.NullPointerException: Cannot invoke "org.apache.poi.xssf.usermodel.XSSFRow.getCell(int)" because the return value of "org.apache.poi.xssf.usermodel.XSSFSheet.getRow(int)" is null
	at Utilities.Batchdatareader.batch(Batchdatareader.java:35)
	at stepDefinations.Batch.sends_http_post_batch_request_with_endpoints(Batch.java:84)
	at ✽.Sends Http Post batch request with endpoints(file:///Users/sathishkumar/git/RestAssured/src/test/resources/Features/D_programbatch.feature:13)
]]>
</failure>
<system-out><![CDATA[
Given Token is expired and invalid..........................................passed
When Sends Http Post batch request with endpoints...........................failed
Then gets 401 unauthorised status code with error message...................skipped
]]></system-out>
</testcase>
<testcase classname="Post Request Program Batch module" name="Create batches with invalid endpoint" time="0.341">
<system-out><![CDATA[
Given Authorized with bearer Token "Invalid endpoint".......................passed
When Sends HTTP Post batch request  with invalid endpoint and Read data "API_hackathon_march24 " "SDETd5 " 5 "active " 16306.passed
Then Gets  404 with response body...........................................passed
]]></system-out>
</testcase>
<testcase classname="Post Request Program Batch module" name="create batches with different examples - Example #1.1" time="0.232">
<failure type="java.lang.AssertionError" message=" Expected status code returned expected [201] but found [400]">
<![CDATA[java.lang.AssertionError:  Expected status code returned expected [201] but found [400]
	at org.testng.Assert.fail(Assert.java:111)
	at org.testng.Assert.failNotEquals(Assert.java:1578)
	at org.testng.Assert.assertEqualsImpl(Assert.java:150)
	at org.testng.Assert.assertEquals(Assert.java:132)
	at org.testng.Assert.assertEquals(Assert.java:1419)
	at org.testng.Assert.assertEquals(Assert.java:1407)
	at stepDefinations.Batch.gets_with_batch_response_body(Batch.java:173)
	at ✽.Gets  201 with batch response body(file:///Users/sathishkumar/git/RestAssured/src/test/resources/Features/D_programbatch.feature:24)
]]>
</failure>
<system-out><![CDATA[
Given Authorized with bearer Token "Create_batch_with_new_data".............passed
When Sends HTTP Post batch request with valid endpoints and Read data "API_hackathon_march24" "SDETbatchess1" 4 "active" 16306.passed
Then Gets  201 with batch response body.....................................failed
]]></system-out>
</testcase>
<testcase classname="Post Request Program Batch module" name="create batches with different examples - Example #1.2" time="0.444">
<system-out><![CDATA[
Given Authorized with bearer Token "Create_batch_with_existing_data"........passed
When Sends HTTP Post batch request with valid endpoints and Read data "API_hackathon_march24" "SDETbatchess1" 4 "active" 16306.passed
Then Gets  400 with batch response body.....................................passed
]]></system-out>
</testcase>
<testcase classname="Post Request Program Batch module" name="create batches with different examples - Example #1.3" time="0.445">
<system-out><![CDATA[
Given Authorized with bearer Token "Post_missing_mandatory_fields"..........passed
When Sends HTTP Post batch request with valid endpoints and Read data "API_hackathon_march24" "" 4 "active" 16306.passed
Then Gets  400 with batch response body.....................................passed
]]></system-out>
</testcase>
<testcase classname="Post Request Program Batch module" name="create batches with different examples - Example #1.4" time="0.232">
<failure type="java.lang.AssertionError" message=" Expected status code returned expected [201] but found [400]">
<![CDATA[java.lang.AssertionError:  Expected status code returned expected [201] but found [400]
	at org.testng.Assert.fail(Assert.java:111)
	at org.testng.Assert.failNotEquals(Assert.java:1578)
	at org.testng.Assert.assertEqualsImpl(Assert.java:150)
	at org.testng.Assert.assertEquals(Assert.java:132)
	at org.testng.Assert.assertEquals(Assert.java:1419)
	at org.testng.Assert.assertEquals(Assert.java:1407)
	at stepDefinations.Batch.gets_with_batch_response_body(Batch.java:173)
	at ✽.Gets  201 with batch response body(file:///Users/sathishkumar/git/RestAssured/src/test/resources/Features/D_programbatch.feature:24)
]]>
</failure>
<system-out><![CDATA[
Given Authorized with bearer Token "Post_missing_additional_fields_null"....passed
When Sends HTTP Post batch request with valid endpoints and Read data "null" "SDETrestss1" 4 "active" 16306.passed
Then Gets  201 with batch response body.....................................failed
]]></system-out>
</testcase>
<testcase classname="Post Request Program Batch module" name="create batches with different examples - Example #1.5" time="0.744">
<system-out><![CDATA[
Given Authorized with bearer Token "Post_missing_additional_fields_null"....passed
When Sends HTTP Post batch request with valid endpoints and Read data "" "SDETapi" 4 "active" 16306.passed
Then Gets  400 with batch response body.....................................passed
]]></system-out>
</testcase>
<testcase classname="Post Request Program Batch module" name="create batches with different examples - Example #1.6" time="0.45">
<system-out><![CDATA[
Given Authorized with bearer Token "Invalid_Progam_Id"......................passed
When Sends HTTP Post batch request with valid endpoints and Read data "API_hackathon_march24" "SDET" 4 "active" 16900.passed
Then Gets  400 with batch response body.....................................passed
]]></system-out>
</testcase>
<testcase classname="Post Request Program Batch module" name="create batches with different examples - Example #1.7" time="0.466">
<system-out><![CDATA[
Given Authorized with bearer Token "Post_invalid_data"......................passed
When Sends HTTP Post batch request with valid endpoints and Read data "API_hackathon_march24" "SDET" 4 "active" 16306.passed
Then Gets  400 with batch response body.....................................passed
]]></system-out>
</testcase>
<testcase classname="GET Request Program Batch module" name="Get all batches" time="0.518">
<system-out><![CDATA[
Given GET Batches Authorized with bearer Token..............................passed
When Sends HTTP GET batch request with valid endpoints......................passed
Then Gets 200 status code for get batch with response body..................passed
]]></system-out>
</testcase>
<testcase classname="GET Request Program Batch module" name="Get all batches as Unauthorized" time="0.609">
<system-out><![CDATA[
Given Get batch token is invalid............................................passed
When Sends HTTP GET batch request with valid endpoints......................passed
Then Gets 401 status code for get batch with unauthorised message...........passed
]]></system-out>
</testcase>
<testcase classname="GET Request Program Batch module" name="Get all batches with invalid enpoints" time="0.252">
<system-out><![CDATA[
Given GET Batches Authorized with bearer Token..............................passed
When Sends HTTP GET batch request with invalid endpoints....................passed
Then Gets 404 status for get batch with error message Not Found.............passed
]]></system-out>
</testcase>
<testcase classname="GET Request Program Batch module" name="Get all batches with search string" time="0.537">
<system-out><![CDATA[
Given GET Batches Authorized with bearer Token..............................passed
When Sends HTTP GET batch request with search endpoints.....................passed
Then Gets 200 status for get batch with response body.......................passed
]]></system-out>
</testcase>
<testcase classname="GET Request Program Batch module" name="Get all batches with search parameter with value" time="0.638">
<system-out><![CDATA[
Given GET Batches Authorized with bearer Token..............................passed
When Sends HTTP GET batch request with parameter and value..................passed
Then Gets 200 status for get batch with response body.......................passed
]]></system-out>
</testcase>
<testcase classname="GET BatchId Request Program Batch module" name="Get Batches with BatchId" time="0.22">
<failure type="java.lang.AssertionError" message="Expected status code returned expected [200] but found [404]">
<![CDATA[java.lang.AssertionError: Expected status code returned expected [200] but found [404]
	at org.testng.Assert.fail(Assert.java:111)
	at org.testng.Assert.failNotEquals(Assert.java:1578)
	at org.testng.Assert.assertEqualsImpl(Assert.java:150)
	at org.testng.Assert.assertEquals(Assert.java:132)
	at org.testng.Assert.assertEquals(Assert.java:1419)
	at org.testng.Assert.assertEquals(Assert.java:1407)
	at stepDefinations.getbatchid.gets_status_code_for_get_batch_id_with_response_body(getbatchid.java:49)
	at ✽.Gets 200 status code for get batchID with response body(file:///Users/sathishkumar/git/RestAssured/src/test/resources/Features/F_getbatchid.feature:9)
]]>
</failure>
<system-out><![CDATA[
Given GET BatchId Authorized with bearer Token..............................passed
When Sends HTTP GET batch request with BatchId valid endpoints..............passed
Then Gets 200 status code for get batchID with response body................failed
]]></system-out>
</testcase>
<testcase classname="GET BatchId Request Program Batch module" name="Get Batches with BatchId as Unauthorized" time="0.229">
<system-out><![CDATA[
Given Get batchId token is invalid..........................................passed
When Sends HTTP GET batch requests  with BatchId valid endpoints............passed
Then Gets 401 status code for get batchID with unauthorised message.........passed
]]></system-out>
</testcase>
<testcase classname="GET BatchId Request Program Batch module" name="Get Batches with BatchId with invalid enpoints" time="0.226">
<system-out><![CDATA[
Given GET BatchId Authorized with bearer Token..............................passed
When Sends HTTP GET batch request with BatchId invalid endpoints............passed
Then Gets 405 status for get batchID with error message.....................passed
]]></system-out>
</testcase>
<testcase classname="GET BatchId Request Program Batch module" name="Get Batches with Invalid BatchId" time="0.242">
<system-out><![CDATA[
Given GET BatchId Authorized with bearer Token..............................passed
When Sends HTTP GET batch request with invalid BatchId and valid endpoints..passed
Then Gets 404 status for get batchID with error message.....................passed
]]></system-out>
</testcase>
<testcase classname="GET BatchId Request Program Batch module" name="Get Batches with BatchId with search parameter with value" time="0.218">
<failure type="java.lang.AssertionError" message="Expected status code returned expected [200] but found [404]">
<![CDATA[java.lang.AssertionError: Expected status code returned expected [200] but found [404]
	at org.testng.Assert.fail(Assert.java:111)
	at org.testng.Assert.failNotEquals(Assert.java:1578)
	at org.testng.Assert.assertEqualsImpl(Assert.java:150)
	at org.testng.Assert.assertEquals(Assert.java:132)
	at org.testng.Assert.assertEquals(Assert.java:1419)
	at org.testng.Assert.assertEquals(Assert.java:1407)
	at stepDefinations.getbatchid.gets_status_for_get_batch_id_with_response_body(getbatchid.java:149)
	at ✽.Gets 200 status for get batchID with response body(file:///Users/sathishkumar/git/RestAssured/src/test/resources/Features/F_getbatchid.feature:29)
]]>
</failure>
<system-out><![CDATA[
Given GET BatchId Authorized with bearer Token..............................passed
When Sends HTTP GET batch request with BatchId parameter and value..........passed
Then Gets 200 status for get batchID with response body.....................failed
]]></system-out>
</testcase>
<testcase classname="GET BatchName Request Program Batch module" name="Get Batches with BatchName" time="0.221">
<failure type="java.lang.AssertionError" message="Expected status code returned expected [200] but found [404]">
<![CDATA[java.lang.AssertionError: Expected status code returned expected [200] but found [404]
	at org.testng.Assert.fail(Assert.java:111)
	at org.testng.Assert.failNotEquals(Assert.java:1578)
	at org.testng.Assert.assertEqualsImpl(Assert.java:150)
	at org.testng.Assert.assertEquals(Assert.java:132)
	at org.testng.Assert.assertEquals(Assert.java:1419)
	at org.testng.Assert.assertEquals(Assert.java:1407)
	at stepDefinations.getbatchname.gets_status_code_for_get_batch_name_with_response_body(getbatchname.java:49)
	at ✽.Gets 200 status code for get BatchName with response body(file:///Users/sathishkumar/git/RestAssured/src/test/resources/Features/G_getbatchname.feature:9)
]]>
</failure>
<system-out><![CDATA[
Given GET BatchName Authorized with bearer Token............................passed
When Sends HTTP GET batch request with BatchName valid endpoints............passed
Then Gets 200 status code for get BatchName with response body..............failed
]]></system-out>
</testcase>
<testcase classname="GET BatchName Request Program Batch module" name="Get Batches with BatchName as Unauthorized" time="0.221">
<system-out><![CDATA[
Given Get BatchName token is invalid........................................passed
When Sends HTTP GET batch requests  with BatchName valid endpoints..........passed
Then Gets 401 status code for get BatchName with unauthorised message.......passed
]]></system-out>
</testcase>
<testcase classname="GET BatchName Request Program Batch module" name="Get Batches with BatchName with invalid enpoints" time="0.228">
<system-out><![CDATA[
Given GET BatchName Authorized with bearer Token............................passed
When Sends HTTP GET batch request with BatchName invalid endpoints..........passed
Then Gets 405 status for get BatchName with error message...................passed
]]></system-out>
</testcase>
<testcase classname="GET BatchName Request Program Batch module" name="Get Batches with Invalid BatchName" time="0.227">
<system-out><![CDATA[
Given GET BatchName Authorized with bearer Token............................passed
When Sends HTTP GET batch request with invalid BatchName and valid endpoints.passed
Then Gets 404 status for get BatchName with error message...................passed
]]></system-out>
</testcase>
<testcase classname="GET BatchName Request Program Batch module" name="Get Batches with BatchName with BatchId value as a parameter" time="0.239">
<failure type="java.lang.AssertionError" message="Expected status code returned expected [200] but found [404]">
<![CDATA[java.lang.AssertionError: Expected status code returned expected [200] but found [404]
	at org.testng.Assert.fail(Assert.java:111)
	at org.testng.Assert.failNotEquals(Assert.java:1578)
	at org.testng.Assert.assertEqualsImpl(Assert.java:150)
	at org.testng.Assert.assertEquals(Assert.java:132)
	at org.testng.Assert.assertEquals(Assert.java:1419)
	at org.testng.Assert.assertEquals(Assert.java:1407)
	at stepDefinations.getbatchname.gets_status_for_get_batch_name_with_response_body(getbatchname.java:152)
	at ✽.Gets 200 status for get BatchName with response body(file:///Users/sathishkumar/git/RestAssured/src/test/resources/Features/G_getbatchname.feature:29)
]]>
</failure>
<system-out><![CDATA[
Given GET BatchName Authorized with bearer Token............................passed
When Sends HTTP GET batch request with BatchName parameter and value........passed
Then Gets 200 status for get BatchName with response body...................failed
]]></system-out>
</testcase>
<testcase classname="Post Request for ProgramBatch Module" name="Check if admin able to create a Batch with valid endpoint and request body (non existing values) - Example #1.1" time="0.29">
<system-out><![CDATA[
Given Admin creates POST Request  with valid data in request body "Batch" and 1.passed
When Admin sends HTTPS Request with endpoint................................passed
Then Admin receives 201 and  "Created" Status with response body............passed
]]></system-out>
</testcase>
</testsuite>
