<?xml version="1.0" encoding="UTF-8"?>
<!-- Generated by org.testng.reporters.JUnitXMLReporter -->
<testsuite ignored="0" hostname="Sathishs-MacBook-Air.local" failures="0" tests="4" name="Default test" time="3.5" errors="0" timestamp="2024-03-28T17:17:23 EDT">
  <testcase classname="stepDefinations.Batch" name="send_http_post_request_with_endpoints_and_read_data_from_external_file" time="0.282"/>
  <testcase classname="stepDefinations.Batch" name="batchgetbatchId" time="0.218"/>
  <testcase classname="stepDefinations.Batch" name="batchgetbatchName" time="0.22"/>
  <testcase classname="stepDefinations.Batch" name="batchget" time="0.863"/>
</testsuite> <!-- Default test -->
