{"uuid":"6780c563-a95d-4e12-8430-db737c5339f9","historyId":"ce3f745af9c09fa6f14a1d70ba2ea36","testCaseId":"42cfdc67e84bcf16920945f1f54dde3f","fullName":"src/test/resources/Features/I_batch_update.feature:14","labels":[{"name":"tag","value":"batch_update"},{"name":"tag","value":"batch_update_01"},{"name":"host","value":"LAPTOP-77V78I17"},{"name":"thread","value":"17852@LAPTOP-77V78I17.main(1)"},{"name":"feature","value":"Put Request for ProgramBatch Module"},{"name":"story","value":"Check if admin able to update a Batch with valid batchID and mandatory fields in request body"},{"name":"suite","value":"Put Request for ProgramBatch Module"},{"name":"testClass","value":"Check if admin able to update a Batch with valid batchID and mandatory fields in request body"},{"name":"framework","value":"cucumber4jvm"},{"name":"language","value":"java"},{"name":"gherkin_uri","value":"file:///C:/Users/User/Desktop/Git%20Project%201st%20April%20part2/RestAssured/src/test/resources/Features/I_batch_update.feature"},{"name":"package","value":"src.test.resources.Features.I_batch_update_feature.Put Request for ProgramBatch Module"}],"links":[],"name":"Check if admin able to update a Batch with valid batchID and mandatory fields in request body","status":"failed","statusDetails":{"known":false,"muted":false,"flaky":false,"message":"1 expectation failed.\nResponse body doesn't match expectation.\nExpected: The content to match the given JSON schema.\nerror: object has missing required properties ([\"batchDescription\",\"batchId\",\"batchName\",\"batchNoOfClasses\",\"batchStatus\",\"programId\",\"programName\"])\n    level: \"error\"\n    schema: {\"loadingURI\":\"file:/C:/Users/User/Desktop/Git%20Project%201st%20April%20part2/RestAssured/target/test-classes/batchUpdate.json#\",\"pointer\":\"\"}\n    instance: {\"pointer\":\"\"}\n    domain: \"validation\"\n    keyword: \"required\"\n    required: [\"batchDescription\",\"batchId\",\"batchName\",\"batchNoOfClasses\",\"batchStatus\",\"programId\",\"programName\"]\n    missing: [\"batchDescription\",\"batchId\",\"batchName\",\"batchNoOfClasses\",\"batchStatus\",\"programId\",\"programName\"]\n\n  Actual: {\"timestamp\":\"2024-04-02T00:59:59.860+00:00\",\"status\":404,\"error\":\"Not Found\",\"path\":\"/lms/batches/0/saveprogram\"}\n","trace":"java.lang.AssertionError: 1 expectation failed.\nResponse body doesn't match expectation.\nExpected: The content to match the given JSON schema.\nerror: object has missing required properties ([\"batchDescription\",\"batchId\",\"batchName\",\"batchNoOfClasses\",\"batchStatus\",\"programId\",\"programName\"])\n    level: \"error\"\n    schema: {\"loadingURI\":\"file:/C:/Users/User/Desktop/Git%20Project%201st%20April%20part2/RestAssured/target/test-classes/batchUpdate.json#\",\"pointer\":\"\"}\n    instance: {\"pointer\":\"\"}\n    domain: \"validation\"\n    keyword: \"required\"\n    required: [\"batchDescription\",\"batchId\",\"batchName\",\"batchNoOfClasses\",\"batchStatus\",\"programId\",\"programName\"]\n    missing: [\"batchDescription\",\"batchId\",\"batchName\",\"batchNoOfClasses\",\"batchStatus\",\"programId\",\"programName\"]\n\n  Actual: {\"timestamp\":\"2024-04-02T00:59:59.860+00:00\",\"status\":404,\"error\":\"Not Found\",\"path\":\"/lms/batches/0/saveprogram\"}\n\r\n\tat java.base/jdk.internal.reflect.NativeConstructorAccessorImpl.newInstance0(Native Method)\r\n\tat java.base/jdk.internal.reflect.NativeConstructorAccessorImpl.newInstance(NativeConstructorAccessorImpl.java:77)\r\n\tat java.base/jdk.internal.reflect.DelegatingConstructorAccessorImpl.newInstance(DelegatingConstructorAccessorImpl.java:45)\r\n\tat java.base/java.lang.reflect.Constructor.newInstanceWithCaller(Constructor.java:499)\r\n\tat java.base/java.lang.reflect.Constructor.newInstance(Constructor.java:480)\r\n\tat org.codehaus.groovy.reflection.CachedConstructor.invoke(CachedConstructor.java:73)\r\n\tat org.codehaus.groovy.runtime.callsite.ConstructorSite$ConstructorSiteNoUnwrapNoCoerce.callConstructor(ConstructorSite.java:108)\r\n\tat org.codehaus.groovy.runtime.callsite.AbstractCallSite.callConstructor(AbstractCallSite.java:277)\r\n\tat io.restassured.internal.ResponseSpecificationImpl$HamcrestAssertionClosure.validate(ResponseSpecificationImpl.groovy:512)\r\n\tat io.restassured.internal.ResponseSpecificationImpl$HamcrestAssertionClosure$validate$1.call(Unknown Source)\r\n\tat io.restassured.internal.ResponseSpecificationImpl.validateResponseIfRequired(ResponseSpecificationImpl.groovy:696)\r\n\tat io.restassured.internal.ResponseSpecificationImpl.this$2$validateResponseIfRequired(ResponseSpecificationImpl.groovy)\r\n\tat jdk.internal.reflect.GeneratedMethodAccessor259.invoke(Unknown Source)\r\n\tat java.base/jdk.internal.reflect.DelegatingMethodAccessorImpl.invoke(DelegatingMethodAccessorImpl.java:43)\r\n\tat java.base/java.lang.reflect.Method.invoke(Method.java:568)\r\n\tat org.codehaus.groovy.runtime.callsite.PlainObjectMetaMethodSite.doInvoke(PlainObjectMetaMethodSite.java:43)\r\n\tat org.codehaus.groovy.runtime.callsite.PogoMetaMethodSite$PogoCachedMethodSiteNoUnwrapNoCoerce.invoke(PogoMetaMethodSite.java:198)\r\n\tat org.codehaus.groovy.runtime.callsite.PogoMetaMethodSite.callCurrent(PogoMetaMethodSite.java:62)\r\n\tat org.codehaus.groovy.runtime.callsite.AbstractCallSite.callCurrent(AbstractCallSite.java:185)\r\n\tat io.restassured.internal.ResponseSpecificationImpl.body(ResponseSpecificationImpl.groovy:107)\r\n\tat io.restassured.internal.ValidatableResponseOptionsImpl.body(ValidatableResponseOptionsImpl.java:238)\r\n\tat stepDefinations.Batch_Update.admin_receives_and_status_messeage_with_updated_value_in_response_body(Batch_Update.java:104)\r\n\tat ✽.Admin receives 200 and  Status messeage with updated value in response body.(file:///C:/Users/User/Desktop/Git%20Project%201st%20April%20part2/RestAssured/src/test/resources/Features/I_batch_update.feature:10)\r\n"},"stage":"finished","steps":[{"name":"Given Admin creates PUT Request with the valid BatchId anddata \"Batch\" and 1","status":"passed","statusDetails":{"known":false,"muted":false,"flaky":false},"stage":"finished","steps":[],"attachments":[],"parameters":[],"start":1712019598418,"stop":1712019599430},{"name":"When Admin sends HTTPS Request  with endpoints","status":"passed","statusDetails":{"known":false,"muted":false,"flaky":false},"stage":"finished","steps":[],"attachments":[],"parameters":[],"start":1712019599433,"stop":1712019599749},{"name":"Then Admin receives 200 and  Status messeage with updated value in response body.","status":"failed","statusDetails":{"known":false,"muted":false,"flaky":false,"message":"1 expectation failed.\nResponse body doesn't match expectation.\nExpected: The content to match the given JSON schema.\nerror: object has missing required properties ([\"batchDescription\",\"batchId\",\"batchName\",\"batchNoOfClasses\",\"batchStatus\",\"programId\",\"programName\"])\n    level: \"error\"\n    schema: {\"loadingURI\":\"file:/C:/Users/User/Desktop/Git%20Project%201st%20April%20part2/RestAssured/target/test-classes/batchUpdate.json#\",\"pointer\":\"\"}\n    instance: {\"pointer\":\"\"}\n    domain: \"validation\"\n    keyword: \"required\"\n    required: [\"batchDescription\",\"batchId\",\"batchName\",\"batchNoOfClasses\",\"batchStatus\",\"programId\",\"programName\"]\n    missing: [\"batchDescription\",\"batchId\",\"batchName\",\"batchNoOfClasses\",\"batchStatus\",\"programId\",\"programName\"]\n\n  Actual: {\"timestamp\":\"2024-04-02T00:59:59.860+00:00\",\"status\":404,\"error\":\"Not Found\",\"path\":\"/lms/batches/0/saveprogram\"}\n","trace":"java.lang.AssertionError: 1 expectation failed.\nResponse body doesn't match expectation.\nExpected: The content to match the given JSON schema.\nerror: object has missing required properties ([\"batchDescription\",\"batchId\",\"batchName\",\"batchNoOfClasses\",\"batchStatus\",\"programId\",\"programName\"])\n    level: \"error\"\n    schema: {\"loadingURI\":\"file:/C:/Users/User/Desktop/Git%20Project%201st%20April%20part2/RestAssured/target/test-classes/batchUpdate.json#\",\"pointer\":\"\"}\n    instance: {\"pointer\":\"\"}\n    domain: \"validation\"\n    keyword: \"required\"\n    required: [\"batchDescription\",\"batchId\",\"batchName\",\"batchNoOfClasses\",\"batchStatus\",\"programId\",\"programName\"]\n    missing: [\"batchDescription\",\"batchId\",\"batchName\",\"batchNoOfClasses\",\"batchStatus\",\"programId\",\"programName\"]\n\n  Actual: {\"timestamp\":\"2024-04-02T00:59:59.860+00:00\",\"status\":404,\"error\":\"Not Found\",\"path\":\"/lms/batches/0/saveprogram\"}\n\r\n\tat java.base/jdk.internal.reflect.NativeConstructorAccessorImpl.newInstance0(Native Method)\r\n\tat java.base/jdk.internal.reflect.NativeConstructorAccessorImpl.newInstance(NativeConstructorAccessorImpl.java:77)\r\n\tat java.base/jdk.internal.reflect.DelegatingConstructorAccessorImpl.newInstance(DelegatingConstructorAccessorImpl.java:45)\r\n\tat java.base/java.lang.reflect.Constructor.newInstanceWithCaller(Constructor.java:499)\r\n\tat java.base/java.lang.reflect.Constructor.newInstance(Constructor.java:480)\r\n\tat org.codehaus.groovy.reflection.CachedConstructor.invoke(CachedConstructor.java:73)\r\n\tat org.codehaus.groovy.runtime.callsite.ConstructorSite$ConstructorSiteNoUnwrapNoCoerce.callConstructor(ConstructorSite.java:108)\r\n\tat org.codehaus.groovy.runtime.callsite.AbstractCallSite.callConstructor(AbstractCallSite.java:277)\r\n\tat io.restassured.internal.ResponseSpecificationImpl$HamcrestAssertionClosure.validate(ResponseSpecificationImpl.groovy:512)\r\n\tat io.restassured.internal.ResponseSpecificationImpl$HamcrestAssertionClosure$validate$1.call(Unknown Source)\r\n\tat io.restassured.internal.ResponseSpecificationImpl.validateResponseIfRequired(ResponseSpecificationImpl.groovy:696)\r\n\tat io.restassured.internal.ResponseSpecificationImpl.this$2$validateResponseIfRequired(ResponseSpecificationImpl.groovy)\r\n\tat jdk.internal.reflect.GeneratedMethodAccessor259.invoke(Unknown Source)\r\n\tat java.base/jdk.internal.reflect.DelegatingMethodAccessorImpl.invoke(DelegatingMethodAccessorImpl.java:43)\r\n\tat java.base/java.lang.reflect.Method.invoke(Method.java:568)\r\n\tat org.codehaus.groovy.runtime.callsite.PlainObjectMetaMethodSite.doInvoke(PlainObjectMetaMethodSite.java:43)\r\n\tat org.codehaus.groovy.runtime.callsite.PogoMetaMethodSite$PogoCachedMethodSiteNoUnwrapNoCoerce.invoke(PogoMetaMethodSite.java:198)\r\n\tat org.codehaus.groovy.runtime.callsite.PogoMetaMethodSite.callCurrent(PogoMetaMethodSite.java:62)\r\n\tat org.codehaus.groovy.runtime.callsite.AbstractCallSite.callCurrent(AbstractCallSite.java:185)\r\n\tat io.restassured.internal.ResponseSpecificationImpl.body(ResponseSpecificationImpl.groovy:107)\r\n\tat io.restassured.internal.ValidatableResponseOptionsImpl.body(ValidatableResponseOptionsImpl.java:238)\r\n\tat stepDefinations.Batch_Update.admin_receives_and_status_messeage_with_updated_value_in_response_body(Batch_Update.java:104)\r\n\tat ✽.Admin receives 200 and  Status messeage with updated value in response body.(file:///C:/Users/User/Desktop/Git%20Project%201st%20April%20part2/RestAssured/src/test/resources/Features/I_batch_update.feature:10)\r\n"},"stage":"finished","steps":[],"attachments":[],"parameters":[],"start":1712019599750,"stop":1712019602112}],"attachments":[],"parameters":[{"name":"sheetname","value":"Batch"},{"name":"rownumber","value":"1"},{"name":"statuscode","value":"200"},{"name":"statusmessage","value":"Created"}],"start":1712019598417,"stop":1712019602129}