{"uuid":"8dd31e72-c3c5-48ad-9905-5510a7fcd625","historyId":"d519c730bed0f3289ceb508ddcced037","testCaseId":"98e178739492df5e519082bef29de91c","fullName":"src/test/resources/Features/E_batch_GetProgramId.feature:23","labels":[{"name":"tag","value":"batch_get"},{"name":"tag","value":"batch_get_02"},{"name":"host","value":"LAPTOP-77V78I17"},{"name":"thread","value":"20076@LAPTOP-77V78I17.main(1)"},{"name":"feature","value":"Get Request for ProgramBatch Module"},{"name":"story","value":"Check if admin able to retrieve a batch with valid Program ID"},{"name":"suite","value":"Get Request for ProgramBatch Module"},{"name":"testClass","value":"Check if admin able to retrieve a batch with valid Program ID"},{"name":"framework","value":"cucumber4jvm"},{"name":"language","value":"java"},{"name":"gherkin_uri","value":"file:///C:/Users/User/Desktop/Git%20Project_Final/RestAssured/src/test/resources/Features/E_batch_GetProgramId.feature"},{"name":"package","value":"src.test.resources.Features.E_batch_GetProgramId_feature.Get Request for ProgramBatch Module"}],"links":[],"name":"Check if admin able to retrieve a batch with valid Program ID","status":"failed","statusDetails":{"known":false,"muted":false,"flaky":false,"message":"1 expectation failed.\nResponse body doesn't match expectation.\nExpected: The content to match the given JSON schema.\nerror: instance type (object) does not match any allowed primitive type (allowed: [\"array\"])\n    level: \"error\"\n    schema: {\"loadingURI\":\"file:/C:/Users/User/Desktop/Git%20Project_Final/RestAssured/target/test-classes/batchProgramId.json#\",\"pointer\":\"\"}\n    instance: {\"pointer\":\"\"}\n    domain: \"validation\"\n    keyword: \"type\"\n    found: \"object\"\n    expected: [\"array\"]\n\n  Actual: {\"timestamp\":\"2024-04-02T15:27:30.577+00:00\",\"status\":404,\"error\":\"Not Found\",\"path\":\"/lms/batches/program/16306/saveprogram\"}\n","trace":"java.lang.AssertionError: 1 expectation failed.\nResponse body doesn't match expectation.\nExpected: The content to match the given JSON schema.\nerror: instance type (object) does not match any allowed primitive type (allowed: [\"array\"])\n    level: \"error\"\n    schema: {\"loadingURI\":\"file:/C:/Users/User/Desktop/Git%20Project_Final/RestAssured/target/test-classes/batchProgramId.json#\",\"pointer\":\"\"}\n    instance: {\"pointer\":\"\"}\n    domain: \"validation\"\n    keyword: \"type\"\n    found: \"object\"\n    expected: [\"array\"]\n\n  Actual: {\"timestamp\":\"2024-04-02T15:27:30.577+00:00\",\"status\":404,\"error\":\"Not Found\",\"path\":\"/lms/batches/program/16306/saveprogram\"}\n\r\n\tat java.base/jdk.internal.reflect.NativeConstructorAccessorImpl.newInstance0(Native Method)\r\n\tat java.base/jdk.internal.reflect.NativeConstructorAccessorImpl.newInstance(NativeConstructorAccessorImpl.java:77)\r\n\tat java.base/jdk.internal.reflect.DelegatingConstructorAccessorImpl.newInstance(DelegatingConstructorAccessorImpl.java:45)\r\n\tat java.base/java.lang.reflect.Constructor.newInstanceWithCaller(Constructor.java:499)\r\n\tat java.base/java.lang.reflect.Constructor.newInstance(Constructor.java:480)\r\n\tat org.codehaus.groovy.reflection.CachedConstructor.invoke(CachedConstructor.java:73)\r\n\tat org.codehaus.groovy.runtime.callsite.ConstructorSite$ConstructorSiteNoUnwrapNoCoerce.callConstructor(ConstructorSite.java:108)\r\n\tat org.codehaus.groovy.runtime.callsite.CallSiteArray.defaultCallConstructor(CallSiteArray.java:57)\r\n\tat org.codehaus.groovy.runtime.callsite.AbstractCallSite.callConstructor(AbstractCallSite.java:263)\r\n\tat org.codehaus.groovy.runtime.callsite.AbstractCallSite.callConstructor(AbstractCallSite.java:277)\r\n\tat io.restassured.internal.ResponseSpecificationImpl$HamcrestAssertionClosure.validate(ResponseSpecificationImpl.groovy:512)\r\n\tat io.restassured.internal.ResponseSpecificationImpl$HamcrestAssertionClosure$validate$1.call(Unknown Source)\r\n\tat io.restassured.internal.ResponseSpecificationImpl.validateResponseIfRequired(ResponseSpecificationImpl.groovy:696)\r\n\tat io.restassured.internal.ResponseSpecificationImpl.this$2$validateResponseIfRequired(ResponseSpecificationImpl.groovy)\r\n\tat jdk.internal.reflect.GeneratedMethodAccessor228.invoke(Unknown Source)\r\n\tat java.base/jdk.internal.reflect.DelegatingMethodAccessorImpl.invoke(DelegatingMethodAccessorImpl.java:43)\r\n\tat java.base/java.lang.reflect.Method.invoke(Method.java:568)\r\n\tat org.codehaus.groovy.runtime.callsite.PlainObjectMetaMethodSite.doInvoke(PlainObjectMetaMethodSite.java:43)\r\n\tat org.codehaus.groovy.runtime.callsite.PogoMetaMethodSite$PogoCachedMethodSiteNoUnwrapNoCoerce.invoke(PogoMetaMethodSite.java:198)\r\n\tat org.codehaus.groovy.runtime.callsite.PogoMetaMethodSite.callCurrent(PogoMetaMethodSite.java:62)\r\n\tat org.codehaus.groovy.runtime.callsite.AbstractCallSite.callCurrent(AbstractCallSite.java:185)\r\n\tat io.restassured.internal.ResponseSpecificationImpl.body(ResponseSpecificationImpl.groovy:107)\r\n\tat io.restassured.internal.ValidatableResponseOptionsImpl.body(ValidatableResponseOptionsImpl.java:238)\r\n\tat stepDefinations.Get_Batch_ProgramId.admin_receives_ok_status_with_response_body(Get_Batch_ProgramId.java:68)\r\n\tat ✽.Admin receives 200 OK Status with response body.(file:///C:/Users/User/Desktop/Git%20Project_Final/RestAssured/src/test/resources/Features/E_batch_GetProgramId.feature:19)\r\n"},"stage":"finished","steps":[{"name":"Given Admin creates GET Request with valid ProgramId","status":"passed","statusDetails":{"known":false,"muted":false,"flaky":false},"stage":"finished","steps":[],"attachments":[],"parameters":[],"start":1712071650444,"stop":1712071650446},{"name":"When Admin sends HTTPS Request with endpoint with programId","status":"passed","statusDetails":{"known":false,"muted":false,"flaky":false},"stage":"finished","steps":[],"attachments":[],"parameters":[],"start":1712071650448,"stop":1712071650686},{"name":"Then Admin receives 200 OK Status with response body.","status":"failed","statusDetails":{"known":false,"muted":false,"flaky":false,"message":"1 expectation failed.\nResponse body doesn't match expectation.\nExpected: The content to match the given JSON schema.\nerror: instance type (object) does not match any allowed primitive type (allowed: [\"array\"])\n    level: \"error\"\n    schema: {\"loadingURI\":\"file:/C:/Users/User/Desktop/Git%20Project_Final/RestAssured/target/test-classes/batchProgramId.json#\",\"pointer\":\"\"}\n    instance: {\"pointer\":\"\"}\n    domain: \"validation\"\n    keyword: \"type\"\n    found: \"object\"\n    expected: [\"array\"]\n\n  Actual: {\"timestamp\":\"2024-04-02T15:27:30.577+00:00\",\"status\":404,\"error\":\"Not Found\",\"path\":\"/lms/batches/program/16306/saveprogram\"}\n","trace":"java.lang.AssertionError: 1 expectation failed.\nResponse body doesn't match expectation.\nExpected: The content to match the given JSON schema.\nerror: instance type (object) does not match any allowed primitive type (allowed: [\"array\"])\n    level: \"error\"\n    schema: {\"loadingURI\":\"file:/C:/Users/User/Desktop/Git%20Project_Final/RestAssured/target/test-classes/batchProgramId.json#\",\"pointer\":\"\"}\n    instance: {\"pointer\":\"\"}\n    domain: \"validation\"\n    keyword: \"type\"\n    found: \"object\"\n    expected: [\"array\"]\n\n  Actual: {\"timestamp\":\"2024-04-02T15:27:30.577+00:00\",\"status\":404,\"error\":\"Not Found\",\"path\":\"/lms/batches/program/16306/saveprogram\"}\n\r\n\tat java.base/jdk.internal.reflect.NativeConstructorAccessorImpl.newInstance0(Native Method)\r\n\tat java.base/jdk.internal.reflect.NativeConstructorAccessorImpl.newInstance(NativeConstructorAccessorImpl.java:77)\r\n\tat java.base/jdk.internal.reflect.DelegatingConstructorAccessorImpl.newInstance(DelegatingConstructorAccessorImpl.java:45)\r\n\tat java.base/java.lang.reflect.Constructor.newInstanceWithCaller(Constructor.java:499)\r\n\tat java.base/java.lang.reflect.Constructor.newInstance(Constructor.java:480)\r\n\tat org.codehaus.groovy.reflection.CachedConstructor.invoke(CachedConstructor.java:73)\r\n\tat org.codehaus.groovy.runtime.callsite.ConstructorSite$ConstructorSiteNoUnwrapNoCoerce.callConstructor(ConstructorSite.java:108)\r\n\tat org.codehaus.groovy.runtime.callsite.CallSiteArray.defaultCallConstructor(CallSiteArray.java:57)\r\n\tat org.codehaus.groovy.runtime.callsite.AbstractCallSite.callConstructor(AbstractCallSite.java:263)\r\n\tat org.codehaus.groovy.runtime.callsite.AbstractCallSite.callConstructor(AbstractCallSite.java:277)\r\n\tat io.restassured.internal.ResponseSpecificationImpl$HamcrestAssertionClosure.validate(ResponseSpecificationImpl.groovy:512)\r\n\tat io.restassured.internal.ResponseSpecificationImpl$HamcrestAssertionClosure$validate$1.call(Unknown Source)\r\n\tat io.restassured.internal.ResponseSpecificationImpl.validateResponseIfRequired(ResponseSpecificationImpl.groovy:696)\r\n\tat io.restassured.internal.ResponseSpecificationImpl.this$2$validateResponseIfRequired(ResponseSpecificationImpl.groovy)\r\n\tat jdk.internal.reflect.GeneratedMethodAccessor228.invoke(Unknown Source)\r\n\tat java.base/jdk.internal.reflect.DelegatingMethodAccessorImpl.invoke(DelegatingMethodAccessorImpl.java:43)\r\n\tat java.base/java.lang.reflect.Method.invoke(Method.java:568)\r\n\tat org.codehaus.groovy.runtime.callsite.PlainObjectMetaMethodSite.doInvoke(PlainObjectMetaMethodSite.java:43)\r\n\tat org.codehaus.groovy.runtime.callsite.PogoMetaMethodSite$PogoCachedMethodSiteNoUnwrapNoCoerce.invoke(PogoMetaMethodSite.java:198)\r\n\tat org.codehaus.groovy.runtime.callsite.PogoMetaMethodSite.callCurrent(PogoMetaMethodSite.java:62)\r\n\tat org.codehaus.groovy.runtime.callsite.AbstractCallSite.callCurrent(AbstractCallSite.java:185)\r\n\tat io.restassured.internal.ResponseSpecificationImpl.body(ResponseSpecificationImpl.groovy:107)\r\n\tat io.restassured.internal.ValidatableResponseOptionsImpl.body(ValidatableResponseOptionsImpl.java:238)\r\n\tat stepDefinations.Get_Batch_ProgramId.admin_receives_ok_status_with_response_body(Get_Batch_ProgramId.java:68)\r\n\tat ✽.Admin receives 200 OK Status with response body.(file:///C:/Users/User/Desktop/Git%20Project_Final/RestAssured/src/test/resources/Features/E_batch_GetProgramId.feature:19)\r\n"},"stage":"finished","steps":[],"attachments":[],"parameters":[],"start":1712071650687,"stop":1712071650870}],"attachments":[],"parameters":[{"name":"statuscode","value":"200"}],"start":1712071650395,"stop":1712071650874}